Using pre-set license
Built from '2020.3/staging' branch; Version is '2020.3.3f1 (76626098c1c4) revision 7758432'; Using compiler version '192528614'; Build Type 'Release'
OS: 'Windows 10 Pro; OS build 19042.928; Version 2009; 64bit' Language: 'ru' Physical Memory: 8143 MB
BatchMode: 1, IsHumanControllingUs: 0, StartBugReporterOnCrash: 0, Is64bit: 1, IsPro: 0

 COMMAND LINE ARGUMENTS:
E:\MyProg\Unity\UnityEditors\2020.3.3f1\Editor\Unity.exe
-adb2
-batchMode
-noUpm
-name
AssetImportWorker12
-projectPath
E:/MyProjects/UnityProjects/CarAnime
-logFile
Logs/AssetImportWorker12.log
-srvPort
57705
Successfully changed project path to: E:/MyProjects/UnityProjects/CarAnime
E:/MyProjects/UnityProjects/CarAnime
Using Asset Import Pipeline V2.
Refreshing native plugins compatible for Editor in 44.12 ms, found 1 plugins.
Preloading 0 native plugins for Editor in 0.00 ms.
Initialize engine version: 2020.3.3f1 (76626098c1c4)
[Subsystems] Discovering subsystems at path E:/MyProg/Unity/UnityEditors/2020.3.3f1/Editor/Data/Resources/UnitySubsystems
[Subsystems] Discovering subsystems at path E:/MyProjects/UnityProjects/CarAnime/Assets
GfxDevice: creating device client; threaded=0
Direct3D:
    Version:  Direct3D 11.0 [level 11.1]
    Renderer: NVIDIA GeForce GTX 1050 Ti (ID=0x1c82)
    Vendor:   
    VRAM:     4018 MB
    Driver:   27.21.14.5751
Initialize mono
Mono path[0] = 'E:/MyProg/Unity/UnityEditors/2020.3.3f1/Editor/Data/Managed'
Mono path[1] = 'E:/MyProg/Unity/UnityEditors/2020.3.3f1/Editor/Data/MonoBleedingEdge/lib/mono/unityjit'
Mono config path = 'E:/MyProg/Unity/UnityEditors/2020.3.3f1/Editor/Data/MonoBleedingEdge/etc'
Using monoOptions --debugger-agent=transport=dt_socket,embedding=1,server=y,suspend=n,address=127.0.0.1:56728
Begin MonoManager ReloadAssembly
Registering precompiled unity dll's ...
Register platform support module: E:/MyProg/Unity/UnityEditors/2020.3.3f1/Editor/Data/PlaybackEngines/WindowsStandaloneSupport/UnityEditor.WindowsStandalone.Extensions.dll
Register platform support module: E:/MyProg/Unity/UnityEditors/2020.3.3f1/Editor/Data/PlaybackEngines/LinuxStandaloneSupport/UnityEditor.LinuxStandalone.Extensions.dll
Registered in 0.001637 seconds.
Native extension for LinuxStandalone target not found
Native extension for WindowsStandalone target not found
Refreshing native plugins compatible for Editor in 45.94 ms, found 1 plugins.
Preloading 0 native plugins for Editor in 0.00 ms.
Invoked RoslynAnalysisRunner static constructor.
RoslynAnalysisRunner will not be running.
RoslynAnalysisRunner has terminated.
Mono: successfully reloaded assembly
- Completed reload, in  2.161 seconds
Platform modules already initialized, skipping
Registering precompiled user dll's ...
Registered in 0.000923 seconds.
Begin MonoManager ReloadAssembly
Native extension for LinuxStandalone target not found
Native extension for WindowsStandalone target not found
Refreshing native plugins compatible for Editor in 45.88 ms, found 1 plugins.
Preloading 0 native plugins for Editor in 0.00 ms.
Invoked RoslynAnalysisRunner static constructor.
RoslynAnalysisRunner will not be running.
RoslynAnalysisRunner has terminated.
Mono: successfully reloaded assembly
- Completed reload, in  2.689 seconds
Platform modules already initialized, skipping
========================================================================
Worker process is ready to serve import requests
Launched and connected shader compiler UnityShaderCompiler.exe after 0.65 seconds
Refreshing native plugins compatible for Editor in 0.52 ms, found 1 plugins.
Preloading 0 native plugins for Editor in 0.00 ms.
Unloading 1868 Unused Serialized files (Serialized files now loaded: 0)
System memory in use before: 86.5 MB.
System memory in use after: 86.6 MB.

Unloading 19 unused Assets to reduce memory usage. Loaded Objects now: 2319.
Total: 2.662500 ms (FindLiveObjects: 0.297900 ms CreateObjectMapping: 0.052800 ms MarkObjects: 2.225200 ms  DeleteObjects: 0.084400 ms)

========================================================================
Received Import Request.
  path: Assets/Scripts/Features/GenerateLevel
  artifactKey: Guid(53b6d05e08f7e20468d42ddba10860d4) Importer(815301076,1909f56bfc062723c751e8b465ee728b)
Start importing Assets/Scripts/Features/GenerateLevel using Guid(53b6d05e08f7e20468d42ddba10860d4) Importer(815301076,1909f56bfc062723c751e8b465ee728b)  -> (artifact id: 'a1024b12f7539b7a8b1708e6e29e633c') in 0.904341 seconds
  Import took 1.216502 seconds .

========================================================================
Received Import Request.
  Time since last request: 0.653507 seconds.
  path: Assets/Scripts/Features/GenerateLevel/GenerateLevelController.cs
  artifactKey: Guid(e53b5c40e986e6f4a8fc3942f27f8f88) Importer(815301076,1909f56bfc062723c751e8b465ee728b)
Start importing Assets/Scripts/Features/GenerateLevel/GenerateLevelController.cs using Guid(e53b5c40e986e6f4a8fc3942f27f8f88) Importer(815301076,1909f56bfc062723c751e8b465ee728b)  -> (artifact id: '77c56b3e4912b4cea7591fedbd6d78ff') in 0.752849 seconds
  Import took 0.842669 seconds .

========================================================================
Received Import Request.
  Time since last request: 0.274907 seconds.
  path: Assets/Scripts/Features/GenerateLevel/GenerateLevelView.cs
  artifactKey: Guid(103318a7f970a72429dac37daf33ff71) Importer(815301076,1909f56bfc062723c751e8b465ee728b)
Start importing Assets/Scripts/Features/GenerateLevel/GenerateLevelView.cs using Guid(103318a7f970a72429dac37daf33ff71) Importer(815301076,1909f56bfc062723c751e8b465ee728b)  -> (artifact id: '3bf46b231e86ab1286639b2e13fa022d') in 0.007163 seconds
  Import took 0.062068 seconds .

========================================================================
Received Prepare
Registering precompiled user dll's ...
Registered in 0.073218 seconds.
Begin MonoManager ReloadAssembly
Native extension for LinuxStandalone target not found
Native extension for WindowsStandalone target not found
Refreshing native plugins compatible for Editor in 0.51 ms, found 1 plugins.
Preloading 0 native plugins for Editor in 0.00 ms.
Invoked RoslynAnalysisRunner static constructor.
RoslynAnalysisRunner will not be running.
RoslynAnalysisRunner has terminated.
Mono: successfully reloaded assembly
- Completed reload, in  1.400 seconds
Platform modules already initialized, skipping
Refreshing native plugins compatible for Editor in 0.54 ms, found 1 plugins.
Preloading 0 native plugins for Editor in 0.00 ms.
Unloading 1859 Unused Serialized files (Serialized files now loaded: 0)
System memory in use before: 86.0 MB.
System memory in use after: 86.1 MB.

Unloading 7 unused Assets to reduce memory usage. Loaded Objects now: 2324.
Total: 380.252100 ms (FindLiveObjects: 233.480000 ms CreateObjectMapping: 0.162400 ms MarkObjects: 146.568600 ms  DeleteObjects: 0.037800 ms)

AssetImportWorkerClient::OnTransportError - code=2 error=End of file
