Using pre-set license
Built from '2020.3/staging' branch; Version is '2020.3.3f1 (76626098c1c4) revision 7758432'; Using compiler version '192528614'; Build Type 'Release'
OS: 'Windows 10 Pro; OS build 19042.985; Version 2009; 64bit' Language: 'ru' Physical Memory: 8143 MB
BatchMode: 1, IsHumanControllingUs: 0, StartBugReporterOnCrash: 0, Is64bit: 1, IsPro: 0

 COMMAND LINE ARGUMENTS:
E:\MyProg\Unity\UnityEditors\2020.3.3f1\Editor\Unity.exe
-adb2
-batchMode
-noUpm
-name
AssetImportWorker0
-projectPath
E:/MyProjects/UnityProjects/CarAnime
-logFile
Logs/AssetImportWorker0.log
-srvPort
49983
Successfully changed project path to: E:/MyProjects/UnityProjects/CarAnime
E:/MyProjects/UnityProjects/CarAnime
Using Asset Import Pipeline V2.
Refreshing native plugins compatible for Editor in 59.48 ms, found 1 plugins.
Preloading 0 native plugins for Editor in 0.00 ms.
Initialize engine version: 2020.3.3f1 (76626098c1c4)
[Subsystems] Discovering subsystems at path E:/MyProg/Unity/UnityEditors/2020.3.3f1/Editor/Data/Resources/UnitySubsystems
[Subsystems] Discovering subsystems at path E:/MyProjects/UnityProjects/CarAnime/Assets
GfxDevice: creating device client; threaded=0
Direct3D:
    Version:  Direct3D 11.0 [level 11.1]
    Renderer: NVIDIA GeForce GTX 1050 Ti (ID=0x1c82)
    Vendor:   
    VRAM:     4018 MB
    Driver:   27.21.14.5751
Initialize mono
Mono path[0] = 'E:/MyProg/Unity/UnityEditors/2020.3.3f1/Editor/Data/Managed'
Mono path[1] = 'E:/MyProg/Unity/UnityEditors/2020.3.3f1/Editor/Data/MonoBleedingEdge/lib/mono/unityjit'
Mono config path = 'E:/MyProg/Unity/UnityEditors/2020.3.3f1/Editor/Data/MonoBleedingEdge/etc'
Using monoOptions --debugger-agent=transport=dt_socket,embedding=1,server=y,suspend=n,address=127.0.0.1:56304
Begin MonoManager ReloadAssembly
Registering precompiled unity dll's ...
Register platform support module: E:/MyProg/Unity/UnityEditors/2020.3.3f1/Editor/Data/PlaybackEngines/WindowsStandaloneSupport/UnityEditor.WindowsStandalone.Extensions.dll
Register platform support module: E:/MyProg/Unity/UnityEditors/2020.3.3f1/Editor/Data/PlaybackEngines/LinuxStandaloneSupport/UnityEditor.LinuxStandalone.Extensions.dll
Registered in 0.001706 seconds.
Native extension for LinuxStandalone target not found
Native extension for WindowsStandalone target not found
Refreshing native plugins compatible for Editor in 46.08 ms, found 1 plugins.
Preloading 0 native plugins for Editor in 0.00 ms.
Invoked RoslynAnalysisRunner static constructor.
RoslynAnalysisRunner will not be running.
RoslynAnalysisRunner has terminated.
Mono: successfully reloaded assembly
- Completed reload, in  2.159 seconds
Platform modules already initialized, skipping
Registering precompiled user dll's ...
Registered in 0.001010 seconds.
Begin MonoManager ReloadAssembly
Native extension for LinuxStandalone target not found
Native extension for WindowsStandalone target not found
Refreshing native plugins compatible for Editor in 45.37 ms, found 1 plugins.
Preloading 0 native plugins for Editor in 0.00 ms.
Invoked RoslynAnalysisRunner static constructor.
RoslynAnalysisRunner will not be running.
RoslynAnalysisRunner has terminated.
Mono: successfully reloaded assembly
- Completed reload, in  1.086 seconds
Platform modules already initialized, skipping
========================================================================
Worker process is ready to serve import requests
Launched and connected shader compiler UnityShaderCompiler.exe after 0.05 seconds
Refreshing native plugins compatible for Editor in 0.44 ms, found 1 plugins.
Preloading 0 native plugins for Editor in 0.00 ms.
Unloading 1872 Unused Serialized files (Serialized files now loaded: 0)
System memory in use before: 86.6 MB.
System memory in use after: 86.7 MB.

Unloading 19 unused Assets to reduce memory usage. Loaded Objects now: 2323.
Total: 2.815500 ms (FindLiveObjects: 0.357300 ms CreateObjectMapping: 0.076500 ms MarkObjects: 2.290300 ms  DeleteObjects: 0.090300 ms)

========================================================================
Received Import Request.
  path: Assets/Scripts/Profile
  artifactKey: Guid(26fe5a32ae0963d4d96d15593c37444c) Importer(815301076,1909f56bfc062723c751e8b465ee728b)
Start importing Assets/Scripts/Profile using Guid(26fe5a32ae0963d4d96d15593c37444c) Importer(815301076,1909f56bfc062723c751e8b465ee728b)  -> (artifact id: '48df162bdd2e07811bcb8f04fe57a69b') in 0.078072 seconds
  Import took 0.081726 seconds .

========================================================================
Received Import Request.
  Time since last request: 0.944785 seconds.
  path: Assets/Scripts/Views
  artifactKey: Guid(0e88d98c8a7708c4490c339173ed289f) Importer(815301076,1909f56bfc062723c751e8b465ee728b)
Start importing Assets/Scripts/Views using Guid(0e88d98c8a7708c4490c339173ed289f) Importer(815301076,1909f56bfc062723c751e8b465ee728b)  -> (artifact id: 'f9154d54ec431ca37c64de6936b7a603') in 0.008519 seconds
  Import took 0.012535 seconds .

========================================================================
Received Import Request.
  Time since last request: 5.344309 seconds.
  path: Assets/Scripts/Features/Rewards/DailyRewardsController.cs
  artifactKey: Guid(ed912ec083522074f923b995ebeb5a43) Importer(815301076,1909f56bfc062723c751e8b465ee728b)
Start importing Assets/Scripts/Features/Rewards/DailyRewardsController.cs using Guid(ed912ec083522074f923b995ebeb5a43) Importer(815301076,1909f56bfc062723c751e8b465ee728b)  -> (artifact id: '4942bb4b5d3aa7e1a95fb9ff880b0e4a') in 0.096586 seconds
  Import took 0.102369 seconds .

========================================================================
Received Prepare
Registering precompiled user dll's ...
Registered in 0.093137 seconds.
Begin MonoManager ReloadAssembly
Native extension for LinuxStandalone target not found
Native extension for WindowsStandalone target not found
Refreshing native plugins compatible for Editor in 0.52 ms, found 1 plugins.
Preloading 0 native plugins for Editor in 0.00 ms.
Invoked RoslynAnalysisRunner static constructor.
RoslynAnalysisRunner will not be running.
RoslynAnalysisRunner has terminated.
Mono: successfully reloaded assembly
- Completed reload, in  1.029 seconds
Platform modules already initialized, skipping
Refreshing native plugins compatible for Editor in 0.46 ms, found 1 plugins.
Preloading 0 native plugins for Editor in 0.00 ms.
Unloading 1862 Unused Serialized files (Serialized files now loaded: 0)
System memory in use before: 86.0 MB.
System memory in use after: 86.2 MB.

Unloading 7 unused Assets to reduce memory usage. Loaded Objects now: 2327.
Total: 2.750600 ms (FindLiveObjects: 0.291500 ms CreateObjectMapping: 0.054300 ms MarkObjects: 2.374700 ms  DeleteObjects: 0.028700 ms)

========================================================================
Received Import Request.
  Time since last request: 2226.266613 seconds.
  path: Assets/Scripts/Features/Rewards/DailyRewardsController.cs
  artifactKey: Guid(ed912ec083522074f923b995ebeb5a43) Importer(815301076,1909f56bfc062723c751e8b465ee728b)
Start importing Assets/Scripts/Features/Rewards/DailyRewardsController.cs using Guid(ed912ec083522074f923b995ebeb5a43) Importer(815301076,1909f56bfc062723c751e8b465ee728b)  -> (artifact id: '73ed8bfa1381931e3f917717a3b635e2') in 0.012912 seconds
  Import took 0.043896 seconds .

========================================================================
Received Prepare
Registering precompiled user dll's ...
Registered in 0.001011 seconds.
Begin MonoManager ReloadAssembly
Native extension for LinuxStandalone target not found
Native extension for WindowsStandalone target not found
Refreshing native plugins compatible for Editor in 0.53 ms, found 1 plugins.
Preloading 0 native plugins for Editor in 0.00 ms.
Invoked RoslynAnalysisRunner static constructor.
RoslynAnalysisRunner will not be running.
RoslynAnalysisRunner has terminated.
Mono: successfully reloaded assembly
- Completed reload, in  1.507 seconds
Platform modules already initialized, skipping
Refreshing native plugins compatible for Editor in 0.80 ms, found 1 plugins.
Preloading 0 native plugins for Editor in 0.00 ms.
Unloading 1862 Unused Serialized files (Serialized files now loaded: 0)
System memory in use before: 86.1 MB.
System memory in use after: 86.2 MB.

Unloading 7 unused Assets to reduce memory usage. Loaded Objects now: 2331.
Total: 4.194200 ms (FindLiveObjects: 0.338300 ms CreateObjectMapping: 0.120300 ms MarkObjects: 3.694800 ms  DeleteObjects: 0.038700 ms)

========================================================================
Received Import Request.
  Time since last request: 29.240646 seconds.
  path: Assets/Resources/Prefabs/Rewards.prefab
  artifactKey: Guid(6bc998c5703277f48bfca0339b6c013e) Importer(815301076,1909f56bfc062723c751e8b465ee728b)
Start importing Assets/Resources/Prefabs/Rewards.prefab using Guid(6bc998c5703277f48bfca0339b6c013e) Importer(815301076,1909f56bfc062723c751e8b465ee728b)  -> (artifact id: '752c55320dbe648cb22b8be254e803da') in 0.518348 seconds
  Import took 0.645170 seconds .

========================================================================
Received Import Request.
  Time since last request: 2.315337 seconds.
  path: Assets/Resources/Prefabs/Rewards.prefab
  artifactKey: Guid(6bc998c5703277f48bfca0339b6c013e) Importer(815301076,1909f56bfc062723c751e8b465ee728b)
Start importing Assets/Resources/Prefabs/Rewards.prefab using Guid(6bc998c5703277f48bfca0339b6c013e) Importer(815301076,1909f56bfc062723c751e8b465ee728b)  -> (artifact id: '752c55320dbe648cb22b8be254e803da') in 0.009215 seconds
  Import took 0.050501 seconds .

========================================================================
Received Import Request.
  Time since last request: 13.965223 seconds.
  path: Assets/Resources/Prefabs/Rewards.prefab
  artifactKey: Guid(6bc998c5703277f48bfca0339b6c013e) Importer(815301076,1909f56bfc062723c751e8b465ee728b)
Start importing Assets/Resources/Prefabs/Rewards.prefab using Guid(6bc998c5703277f48bfca0339b6c013e) Importer(815301076,1909f56bfc062723c751e8b465ee728b)  -> (artifact id: '7c2c721d9849a6e3216100caff14c793') in 0.008941 seconds
  Import took 0.063413 seconds .

========================================================================
Received Import Request.
  Time since last request: 4.276142 seconds.
  path: Assets/Resources/Prefabs/Rewards.prefab
  artifactKey: Guid(6bc998c5703277f48bfca0339b6c013e) Importer(815301076,1909f56bfc062723c751e8b465ee728b)
Start importing Assets/Resources/Prefabs/Rewards.prefab using Guid(6bc998c5703277f48bfca0339b6c013e) Importer(815301076,1909f56bfc062723c751e8b465ee728b)  -> (artifact id: '44168b9eecf9f06ae363df93a34ceb27') in 0.007781 seconds
  Import took 0.031277 seconds .

========================================================================
Received Import Request.
  Time since last request: 1.802265 seconds.
  path: Assets/Resources/Prefabs/Rewards.prefab
  artifactKey: Guid(6bc998c5703277f48bfca0339b6c013e) Importer(815301076,1909f56bfc062723c751e8b465ee728b)
Start importing Assets/Resources/Prefabs/Rewards.prefab using Guid(6bc998c5703277f48bfca0339b6c013e) Importer(815301076,1909f56bfc062723c751e8b465ee728b)  -> (artifact id: 'e3abce084a587b98e41f4c738c21713f') in 0.006688 seconds
  Import took 0.011185 seconds .

========================================================================
Received Import Request.
  Time since last request: 3.876288 seconds.
  path: Assets/Resources/Prefabs/Rewards.prefab
  artifactKey: Guid(6bc998c5703277f48bfca0339b6c013e) Importer(815301076,1909f56bfc062723c751e8b465ee728b)
Start importing Assets/Resources/Prefabs/Rewards.prefab using Guid(6bc998c5703277f48bfca0339b6c013e) Importer(815301076,1909f56bfc062723c751e8b465ee728b)  -> (artifact id: 'bd185b7df1360867333517dbd286f12a') in 0.007392 seconds
  Import took 0.033761 seconds .

========================================================================
Received Import Request.
  Time since last request: 0.393464 seconds.
  path: Assets/Resources/Prefabs/Rewards.prefab
  artifactKey: Guid(6bc998c5703277f48bfca0339b6c013e) Importer(815301076,1909f56bfc062723c751e8b465ee728b)
Start importing Assets/Resources/Prefabs/Rewards.prefab using Guid(6bc998c5703277f48bfca0339b6c013e) Importer(815301076,1909f56bfc062723c751e8b465ee728b)  -> (artifact id: '25036750355ea2556dd7575d86b3d1e7') in 0.010064 seconds
  Import took 0.014601 seconds .

========================================================================
Received Import Request.
  Time since last request: 4.536934 seconds.
  path: Assets/Resources/Prefabs/Rewards.prefab
  artifactKey: Guid(6bc998c5703277f48bfca0339b6c013e) Importer(815301076,1909f56bfc062723c751e8b465ee728b)
Start importing Assets/Resources/Prefabs/Rewards.prefab using Guid(6bc998c5703277f48bfca0339b6c013e) Importer(815301076,1909f56bfc062723c751e8b465ee728b)  -> (artifact id: '7919cfc046e9bf62a55edb09c87cc3bf') in 0.006529 seconds
  Import took 0.025872 seconds .

========================================================================
Received Import Request.
  Time since last request: 2.309545 seconds.
  path: Assets/Resources/Prefabs/Rewards.prefab
  artifactKey: Guid(6bc998c5703277f48bfca0339b6c013e) Importer(815301076,1909f56bfc062723c751e8b465ee728b)
Start importing Assets/Resources/Prefabs/Rewards.prefab using Guid(6bc998c5703277f48bfca0339b6c013e) Importer(815301076,1909f56bfc062723c751e8b465ee728b)  -> (artifact id: '824df8d88d2fe866a2483c2d518f1f4d') in 0.006543 seconds
  Import took 0.010638 seconds .

========================================================================
Received Prepare
Registering precompiled user dll's ...
Registered in 0.025962 seconds.
Begin MonoManager ReloadAssembly
Native extension for LinuxStandalone target not found
Native extension for WindowsStandalone target not found
Refreshing native plugins compatible for Editor in 0.51 ms, found 1 plugins.
Preloading 0 native plugins for Editor in 0.00 ms.
Invoked RoslynAnalysisRunner static constructor.
RoslynAnalysisRunner will not be running.
RoslynAnalysisRunner has terminated.
Mono: successfully reloaded assembly
- Completed reload, in  1.676 seconds
Platform modules already initialized, skipping
Refreshing native plugins compatible for Editor in 0.50 ms, found 1 plugins.
Preloading 0 native plugins for Editor in 0.00 ms.
Unloading 1862 Unused Serialized files (Serialized files now loaded: 0)
System memory in use before: 86.2 MB.
System memory in use after: 86.3 MB.

Unloading 9 unused Assets to reduce memory usage. Loaded Objects now: 2337.
Total: 38.282500 ms (FindLiveObjects: 0.278100 ms CreateObjectMapping: 0.069600 ms MarkObjects: 37.895200 ms  DeleteObjects: 0.037900 ms)

========================================================================
Received Prepare
Registering precompiled user dll's ...
Registered in 0.001051 seconds.
Begin MonoManager ReloadAssembly
Native extension for LinuxStandalone target not found
Native extension for WindowsStandalone target not found
Refreshing native plugins compatible for Editor in 0.46 ms, found 1 plugins.
Preloading 0 native plugins for Editor in 0.00 ms.
Invoked RoslynAnalysisRunner static constructor.
RoslynAnalysisRunner will not be running.
RoslynAnalysisRunner has terminated.
Mono: successfully reloaded assembly
- Completed reload, in  0.998 seconds
Platform modules already initialized, skipping
Refreshing native plugins compatible for Editor in 0.47 ms, found 1 plugins.
Preloading 0 native plugins for Editor in 0.00 ms.
Unloading 1862 Unused Serialized files (Serialized files now loaded: 0)
System memory in use before: 86.2 MB.
System memory in use after: 86.3 MB.

Unloading 7 unused Assets to reduce memory usage. Loaded Objects now: 2341.
Total: 3.293700 ms (FindLiveObjects: 0.412300 ms CreateObjectMapping: 0.055500 ms MarkObjects: 2.798000 ms  DeleteObjects: 0.026000 ms)

========================================================================
Received Prepare
Registering precompiled user dll's ...
Registered in 0.000989 seconds.
Begin MonoManager ReloadAssembly
Native extension for LinuxStandalone target not found
Native extension for WindowsStandalone target not found
Refreshing native plugins compatible for Editor in 0.65 ms, found 1 plugins.
Preloading 0 native plugins for Editor in 0.00 ms.
Invoked RoslynAnalysisRunner static constructor.
RoslynAnalysisRunner will not be running.
RoslynAnalysisRunner has terminated.
Mono: successfully reloaded assembly
- Completed reload, in  0.995 seconds
Platform modules already initialized, skipping
Refreshing native plugins compatible for Editor in 0.46 ms, found 1 plugins.
Preloading 0 native plugins for Editor in 0.00 ms.
Unloading 1862 Unused Serialized files (Serialized files now loaded: 0)
System memory in use before: 86.2 MB.
System memory in use after: 86.3 MB.

Unloading 7 unused Assets to reduce memory usage. Loaded Objects now: 2345.
Total: 3.142200 ms (FindLiveObjects: 0.292500 ms CreateObjectMapping: 0.159100 ms MarkObjects: 2.665600 ms  DeleteObjects: 0.023100 ms)

========================================================================
Received Prepare
Registering precompiled user dll's ...
Registered in 0.001060 seconds.
Begin MonoManager ReloadAssembly
Native extension for LinuxStandalone target not found
Native extension for WindowsStandalone target not found
Refreshing native plugins compatible for Editor in 0.53 ms, found 1 plugins.
Preloading 0 native plugins for Editor in 0.00 ms.
Invoked RoslynAnalysisRunner static constructor.
RoslynAnalysisRunner will not be running.
RoslynAnalysisRunner has terminated.
Mono: successfully reloaded assembly
- Completed reload, in  1.095 seconds
Platform modules already initialized, skipping
Refreshing native plugins compatible for Editor in 0.51 ms, found 1 plugins.
Preloading 0 native plugins for Editor in 0.00 ms.
Unloading 1862 Unused Serialized files (Serialized files now loaded: 0)
System memory in use before: 86.2 MB.
System memory in use after: 86.4 MB.

Unloading 7 unused Assets to reduce memory usage. Loaded Objects now: 2349.
Total: 4.774100 ms (FindLiveObjects: 0.493900 ms CreateObjectMapping: 0.116100 ms MarkObjects: 4.125800 ms  DeleteObjects: 0.036400 ms)

========================================================================
Received Prepare
Registering precompiled user dll's ...
Registered in 0.001016 seconds.
Begin MonoManager ReloadAssembly
Native extension for LinuxStandalone target not found
Native extension for WindowsStandalone target not found
Refreshing native plugins compatible for Editor in 0.46 ms, found 1 plugins.
Preloading 0 native plugins for Editor in 0.00 ms.
Invoked RoslynAnalysisRunner static constructor.
RoslynAnalysisRunner will not be running.
RoslynAnalysisRunner has terminated.
Mono: successfully reloaded assembly
- Completed reload, in  0.978 seconds
Platform modules already initialized, skipping
Refreshing native plugins compatible for Editor in 0.51 ms, found 1 plugins.
Preloading 0 native plugins for Editor in 0.00 ms.
Unloading 1862 Unused Serialized files (Serialized files now loaded: 0)
System memory in use before: 86.3 MB.
System memory in use after: 86.4 MB.

Unloading 7 unused Assets to reduce memory usage. Loaded Objects now: 2353.
Total: 2.491200 ms (FindLiveObjects: 0.279500 ms CreateObjectMapping: 0.053300 ms MarkObjects: 2.136100 ms  DeleteObjects: 0.020900 ms)

========================================================================
Received Prepare
Registering precompiled user dll's ...
Registered in 0.001188 seconds.
Begin MonoManager ReloadAssembly
Native extension for LinuxStandalone target not found
Native extension for WindowsStandalone target not found
Refreshing native plugins compatible for Editor in 0.45 ms, found 1 plugins.
Preloading 0 native plugins for Editor in 0.00 ms.
Invoked RoslynAnalysisRunner static constructor.
RoslynAnalysisRunner will not be running.
RoslynAnalysisRunner has terminated.
Mono: successfully reloaded assembly
- Completed reload, in  0.955 seconds
Platform modules already initialized, skipping
Refreshing native plugins compatible for Editor in 0.56 ms, found 1 plugins.
Preloading 0 native plugins for Editor in 0.00 ms.
Unloading 1862 Unused Serialized files (Serialized files now loaded: 0)
System memory in use before: 86.3 MB.
System memory in use after: 86.4 MB.

Unloading 7 unused Assets to reduce memory usage. Loaded Objects now: 2357.
Total: 2.594100 ms (FindLiveObjects: 0.347300 ms CreateObjectMapping: 0.056700 ms MarkObjects: 2.169600 ms  DeleteObjects: 0.019100 ms)

========================================================================
Received Prepare
Registering precompiled user dll's ...
Registered in 0.001002 seconds.
Begin MonoManager ReloadAssembly
Native extension for LinuxStandalone target not found
Native extension for WindowsStandalone target not found
Refreshing native plugins compatible for Editor in 0.48 ms, found 1 plugins.
Preloading 0 native plugins for Editor in 0.00 ms.
Invoked RoslynAnalysisRunner static constructor.
RoslynAnalysisRunner will not be running.
RoslynAnalysisRunner has terminated.
Mono: successfully reloaded assembly
- Completed reload, in  1.005 seconds
Platform modules already initialized, skipping
Refreshing native plugins compatible for Editor in 0.48 ms, found 1 plugins.
Preloading 0 native plugins for Editor in 0.00 ms.
Unloading 1862 Unused Serialized files (Serialized files now loaded: 0)
System memory in use before: 86.3 MB.
System memory in use after: 86.4 MB.

Unloading 7 unused Assets to reduce memory usage. Loaded Objects now: 2361.
Total: 2.522000 ms (FindLiveObjects: 0.264400 ms CreateObjectMapping: 0.053200 ms MarkObjects: 2.183300 ms  DeleteObjects: 0.019400 ms)

========================================================================
Received Prepare
Registering precompiled user dll's ...
Registered in 0.001032 seconds.
Begin MonoManager ReloadAssembly
Native extension for LinuxStandalone target not found
Native extension for WindowsStandalone target not found
Refreshing native plugins compatible for Editor in 0.68 ms, found 1 plugins.
Preloading 0 native plugins for Editor in 0.00 ms.
Invoked RoslynAnalysisRunner static constructor.
RoslynAnalysisRunner will not be running.
RoslynAnalysisRunner has terminated.
Mono: successfully reloaded assembly
- Completed reload, in  1.073 seconds
Platform modules already initialized, skipping
Refreshing native plugins compatible for Editor in 0.46 ms, found 1 plugins.
Preloading 0 native plugins for Editor in 0.00 ms.
Unloading 1862 Unused Serialized files (Serialized files now loaded: 0)
System memory in use before: 86.3 MB.
System memory in use after: 86.4 MB.

Unloading 7 unused Assets to reduce memory usage. Loaded Objects now: 2365.
Total: 2.843500 ms (FindLiveObjects: 0.314700 ms CreateObjectMapping: 0.055400 ms MarkObjects: 2.448600 ms  DeleteObjects: 0.023500 ms)

========================================================================
Received Prepare
Registering precompiled user dll's ...
Registered in 0.000994 seconds.
Begin MonoManager ReloadAssembly
Native extension for LinuxStandalone target not found
Native extension for WindowsStandalone target not found
Refreshing native plugins compatible for Editor in 0.46 ms, found 1 plugins.
Preloading 0 native plugins for Editor in 0.00 ms.
Invoked RoslynAnalysisRunner static constructor.
RoslynAnalysisRunner will not be running.
RoslynAnalysisRunner has terminated.
Mono: successfully reloaded assembly
- Completed reload, in  0.973 seconds
Platform modules already initialized, skipping
Refreshing native plugins compatible for Editor in 0.43 ms, found 1 plugins.
Preloading 0 native plugins for Editor in 0.00 ms.
Unloading 1862 Unused Serialized files (Serialized files now loaded: 0)
System memory in use before: 86.3 MB.
System memory in use after: 86.4 MB.

Unloading 7 unused Assets to reduce memory usage. Loaded Objects now: 2369.
Total: 2.665700 ms (FindLiveObjects: 0.262100 ms CreateObjectMapping: 0.065400 ms MarkObjects: 2.316400 ms  DeleteObjects: 0.020500 ms)

========================================================================
Received Import Request.
  Time since last request: 843.860657 seconds.
  path: Assets/Resources/Prefabs/Rewards.prefab
  artifactKey: Guid(6bc998c5703277f48bfca0339b6c013e) Importer(815301076,1909f56bfc062723c751e8b465ee728b)
Start importing Assets/Resources/Prefabs/Rewards.prefab using Guid(6bc998c5703277f48bfca0339b6c013e) Importer(815301076,1909f56bfc062723c751e8b465ee728b)  -> (artifact id: '6365d5337ae551e108248c94d1e29b42') in 0.053530 seconds
  Import took 0.075073 seconds .

========================================================================
Received Import Request.
  Time since last request: 17.069338 seconds.
  path: Assets/Resources/Prefabs/Rewards.prefab
  artifactKey: Guid(6bc998c5703277f48bfca0339b6c013e) Importer(815301076,1909f56bfc062723c751e8b465ee728b)
Start importing Assets/Resources/Prefabs/Rewards.prefab using Guid(6bc998c5703277f48bfca0339b6c013e) Importer(815301076,1909f56bfc062723c751e8b465ee728b)  -> (artifact id: '8a1f545123e6aa5970146de133cbac5f') in 0.006413 seconds
  Import took 0.015560 seconds .

========================================================================
Received Import Request.
  Time since last request: 1.243380 seconds.
  path: Assets/Resources/Prefabs/Rewards.prefab
  artifactKey: Guid(6bc998c5703277f48bfca0339b6c013e) Importer(815301076,1909f56bfc062723c751e8b465ee728b)
Start importing Assets/Resources/Prefabs/Rewards.prefab using Guid(6bc998c5703277f48bfca0339b6c013e) Importer(815301076,1909f56bfc062723c751e8b465ee728b)  -> (artifact id: 'f19ac6f6be4eb461e132ddde9e77ddf4') in 0.006677 seconds
  Import took 0.027275 seconds .

========================================================================
Received Import Request.
  Time since last request: 1.550458 seconds.
  path: Assets/Resources/Prefabs/Rewards.prefab
  artifactKey: Guid(6bc998c5703277f48bfca0339b6c013e) Importer(815301076,1909f56bfc062723c751e8b465ee728b)
Start importing Assets/Resources/Prefabs/Rewards.prefab using Guid(6bc998c5703277f48bfca0339b6c013e) Importer(815301076,1909f56bfc062723c751e8b465ee728b)  -> (artifact id: '1e209e66e64cc160e43961a6d1eafcc0') in 0.007860 seconds
  Import took 0.043753 seconds .

========================================================================
Received Import Request.
  Time since last request: 7.654637 seconds.
  path: Assets/Resources/Prefabs/Rewards.prefab
  artifactKey: Guid(6bc998c5703277f48bfca0339b6c013e) Importer(815301076,1909f56bfc062723c751e8b465ee728b)
Start importing Assets/Resources/Prefabs/Rewards.prefab using Guid(6bc998c5703277f48bfca0339b6c013e) Importer(815301076,1909f56bfc062723c751e8b465ee728b)  -> (artifact id: '6965260a5fddd01fb9c9bc0d088b8255') in 0.007336 seconds
  Import took 0.050703 seconds .

========================================================================
Received Import Request.
  Time since last request: 1.816241 seconds.
  path: Assets/Resources/Prefabs/Rewards.prefab
  artifactKey: Guid(6bc998c5703277f48bfca0339b6c013e) Importer(815301076,1909f56bfc062723c751e8b465ee728b)
Start importing Assets/Resources/Prefabs/Rewards.prefab using Guid(6bc998c5703277f48bfca0339b6c013e) Importer(815301076,1909f56bfc062723c751e8b465ee728b)  -> (artifact id: 'd7673d98c5fbf3db121672b5b7b9d4e9') in 0.006362 seconds
  Import took 0.010221 seconds .

========================================================================
Received Prepare
Registering precompiled user dll's ...
Registered in 0.001677 seconds.
Begin MonoManager ReloadAssembly
Native extension for LinuxStandalone target not found
Native extension for WindowsStandalone target not found
Refreshing native plugins compatible for Editor in 0.76 ms, found 1 plugins.
Preloading 0 native plugins for Editor in 0.00 ms.
Invoked RoslynAnalysisRunner static constructor.
RoslynAnalysisRunner will not be running.
RoslynAnalysisRunner has terminated.
Mono: successfully reloaded assembly
- Completed reload, in  1.094 seconds
Platform modules already initialized, skipping
Refreshing native plugins compatible for Editor in 0.53 ms, found 1 plugins.
Preloading 0 native plugins for Editor in 0.00 ms.
Unloading 1862 Unused Serialized files (Serialized files now loaded: 0)
System memory in use before: 86.3 MB.
System memory in use after: 86.4 MB.

Unloading 9 unused Assets to reduce memory usage. Loaded Objects now: 2373.
Total: 2.498900 ms (FindLiveObjects: 0.275300 ms CreateObjectMapping: 0.061200 ms MarkObjects: 2.130800 ms  DeleteObjects: 0.030200 ms)

========================================================================
Received Prepare
Registering precompiled user dll's ...
Registered in 0.001033 seconds.
Begin MonoManager ReloadAssembly
Native extension for LinuxStandalone target not found
Native extension for WindowsStandalone target not found
Refreshing native plugins compatible for Editor in 0.48 ms, found 1 plugins.
Preloading 0 native plugins for Editor in 0.00 ms.
Invoked RoslynAnalysisRunner static constructor.
RoslynAnalysisRunner will not be running.
RoslynAnalysisRunner has terminated.
Mono: successfully reloaded assembly
- Completed reload, in  0.985 seconds
Platform modules already initialized, skipping
Refreshing native plugins compatible for Editor in 0.46 ms, found 1 plugins.
Preloading 0 native plugins for Editor in 0.00 ms.
Unloading 1862 Unused Serialized files (Serialized files now loaded: 0)
System memory in use before: 86.3 MB.
System memory in use after: 86.4 MB.

Unloading 7 unused Assets to reduce memory usage. Loaded Objects now: 2377.
Total: 2.588500 ms (FindLiveObjects: 0.287900 ms CreateObjectMapping: 0.067700 ms MarkObjects: 2.212000 ms  DeleteObjects: 0.020000 ms)

========================================================================
Received Prepare
Registering precompiled user dll's ...
Registered in 0.001018 seconds.
Begin MonoManager ReloadAssembly
Native extension for LinuxStandalone target not found
Native extension for WindowsStandalone target not found
Refreshing native plugins compatible for Editor in 0.56 ms, found 1 plugins.
Preloading 0 native plugins for Editor in 0.00 ms.
Invoked RoslynAnalysisRunner static constructor.
RoslynAnalysisRunner will not be running.
RoslynAnalysisRunner has terminated.
Mono: successfully reloaded assembly
- Completed reload, in  1.073 seconds
Platform modules already initialized, skipping
Refreshing native plugins compatible for Editor in 0.52 ms, found 1 plugins.
Preloading 0 native plugins for Editor in 0.00 ms.
Unloading 1862 Unused Serialized files (Serialized files now loaded: 0)
System memory in use before: 86.3 MB.
System memory in use after: 86.4 MB.

Unloading 7 unused Assets to reduce memory usage. Loaded Objects now: 2381.
Total: 2.626300 ms (FindLiveObjects: 0.363100 ms CreateObjectMapping: 0.073700 ms MarkObjects: 2.170100 ms  DeleteObjects: 0.018000 ms)

========================================================================
Received Prepare
Registering precompiled user dll's ...
Registered in 0.001001 seconds.
Begin MonoManager ReloadAssembly
Native extension for LinuxStandalone target not found
Native extension for WindowsStandalone target not found
Refreshing native plugins compatible for Editor in 0.48 ms, found 1 plugins.
Preloading 0 native plugins for Editor in 0.00 ms.
Invoked RoslynAnalysisRunner static constructor.
RoslynAnalysisRunner will not be running.
RoslynAnalysisRunner has terminated.
Mono: successfully reloaded assembly
- Completed reload, in  0.981 seconds
Platform modules already initialized, skipping
Refreshing native plugins compatible for Editor in 0.65 ms, found 1 plugins.
Preloading 0 native plugins for Editor in 0.00 ms.
Unloading 1862 Unused Serialized files (Serialized files now loaded: 0)
System memory in use before: 86.3 MB.
System memory in use after: 86.4 MB.

Unloading 7 unused Assets to reduce memory usage. Loaded Objects now: 2385.
Total: 2.452100 ms (FindLiveObjects: 0.309300 ms CreateObjectMapping: 0.054200 ms MarkObjects: 2.063300 ms  DeleteObjects: 0.024000 ms)

========================================================================
Received Prepare
Registering precompiled user dll's ...
Registered in 0.001024 seconds.
Begin MonoManager ReloadAssembly
Native extension for LinuxStandalone target not found
Native extension for WindowsStandalone target not found
Refreshing native plugins compatible for Editor in 0.54 ms, found 1 plugins.
Preloading 0 native plugins for Editor in 0.00 ms.
Invoked RoslynAnalysisRunner static constructor.
RoslynAnalysisRunner will not be running.
RoslynAnalysisRunner has terminated.
Mono: successfully reloaded assembly
- Completed reload, in  1.072 seconds
Platform modules already initialized, skipping
Refreshing native plugins compatible for Editor in 0.47 ms, found 1 plugins.
Preloading 0 native plugins for Editor in 0.00 ms.
Unloading 1862 Unused Serialized files (Serialized files now loaded: 0)
System memory in use before: 86.3 MB.
System memory in use after: 86.4 MB.

Unloading 7 unused Assets to reduce memory usage. Loaded Objects now: 2389.
Total: 3.038900 ms (FindLiveObjects: 0.486100 ms CreateObjectMapping: 0.148400 ms MarkObjects: 2.379100 ms  DeleteObjects: 0.023500 ms)

========================================================================
Received Prepare
Registering precompiled user dll's ...
Registered in 0.001262 seconds.
Begin MonoManager ReloadAssembly
Native extension for LinuxStandalone target not found
Native extension for WindowsStandalone target not found
Refreshing native plugins compatible for Editor in 0.53 ms, found 1 plugins.
Preloading 0 native plugins for Editor in 0.00 ms.
Invoked RoslynAnalysisRunner static constructor.
RoslynAnalysisRunner will not be running.
RoslynAnalysisRunner has terminated.
Mono: successfully reloaded assembly
- Completed reload, in  1.013 seconds
Platform modules already initialized, skipping
Refreshing native plugins compatible for Editor in 0.50 ms, found 1 plugins.
Preloading 0 native plugins for Editor in 0.00 ms.
Unloading 1862 Unused Serialized files (Serialized files now loaded: 0)
System memory in use before: 86.3 MB.
System memory in use after: 86.5 MB.

Unloading 7 unused Assets to reduce memory usage. Loaded Objects now: 2393.
Total: 2.460400 ms (FindLiveObjects: 0.266700 ms CreateObjectMapping: 0.052300 ms MarkObjects: 2.119100 ms  DeleteObjects: 0.021000 ms)

========================================================================
Received Prepare
Registering precompiled user dll's ...
Registered in 0.000954 seconds.
Begin MonoManager ReloadAssembly
Native extension for LinuxStandalone target not found
Native extension for WindowsStandalone target not found
Refreshing native plugins compatible for Editor in 0.45 ms, found 1 plugins.
Preloading 0 native plugins for Editor in 0.00 ms.
Invoked RoslynAnalysisRunner static constructor.
RoslynAnalysisRunner will not be running.
RoslynAnalysisRunner has terminated.
Mono: successfully reloaded assembly
- Completed reload, in  0.984 seconds
Platform modules already initialized, skipping
Refreshing native plugins compatible for Editor in 0.45 ms, found 1 plugins.
Preloading 0 native plugins for Editor in 0.00 ms.
Unloading 1862 Unused Serialized files (Serialized files now loaded: 0)
System memory in use before: 86.3 MB.
System memory in use after: 86.5 MB.

Unloading 7 unused Assets to reduce memory usage. Loaded Objects now: 2397.
Total: 2.607400 ms (FindLiveObjects: 0.323000 ms CreateObjectMapping: 0.055600 ms MarkObjects: 2.202600 ms  DeleteObjects: 0.024700 ms)

========================================================================
Received Prepare
Registering precompiled user dll's ...
Registered in 0.001175 seconds.
Begin MonoManager ReloadAssembly
Native extension for LinuxStandalone target not found
Native extension for WindowsStandalone target not found
Refreshing native plugins compatible for Editor in 0.64 ms, found 1 plugins.
Preloading 0 native plugins for Editor in 0.00 ms.
Invoked RoslynAnalysisRunner static constructor.
RoslynAnalysisRunner will not be running.
RoslynAnalysisRunner has terminated.
Mono: successfully reloaded assembly
- Completed reload, in  1.096 seconds
Platform modules already initialized, skipping
Refreshing native plugins compatible for Editor in 0.61 ms, found 1 plugins.
Preloading 0 native plugins for Editor in 0.00 ms.
Unloading 1862 Unused Serialized files (Serialized files now loaded: 0)
System memory in use before: 86.4 MB.
System memory in use after: 86.5 MB.

Unloading 7 unused Assets to reduce memory usage. Loaded Objects now: 2401.
Total: 2.960500 ms (FindLiveObjects: 0.352400 ms CreateObjectMapping: 0.059900 ms MarkObjects: 2.525300 ms  DeleteObjects: 0.021100 ms)

========================================================================
Received Prepare
Registering precompiled user dll's ...
Registered in 0.001551 seconds.
Begin MonoManager ReloadAssembly
Native extension for LinuxStandalone target not found
Native extension for WindowsStandalone target not found
Refreshing native plugins compatible for Editor in 0.49 ms, found 1 plugins.
Preloading 0 native plugins for Editor in 0.00 ms.
Invoked RoslynAnalysisRunner static constructor.
RoslynAnalysisRunner will not be running.
RoslynAnalysisRunner has terminated.
Mono: successfully reloaded assembly
- Completed reload, in  0.984 seconds
Platform modules already initialized, skipping
Refreshing native plugins compatible for Editor in 0.69 ms, found 1 plugins.
Preloading 0 native plugins for Editor in 0.00 ms.
Unloading 1862 Unused Serialized files (Serialized files now loaded: 0)
System memory in use before: 86.4 MB.
System memory in use after: 86.5 MB.

Unloading 7 unused Assets to reduce memory usage. Loaded Objects now: 2405.
Total: 2.721000 ms (FindLiveObjects: 0.347800 ms CreateObjectMapping: 0.058200 ms MarkObjects: 2.290400 ms  DeleteObjects: 0.022500 ms)

AssetImportWorkerClient::OnTransportError - code=2 error=End of file
